23:42:15.287 [main] INFO  - Logging in and Navigating to Recruitment
23:42:17.661 [main] INFO  - Navigating to Vacancy section
23:46:29.191 [main] INFO  - Logging in and Navigating to Recruitment
23:46:33.458 [main] INFO  - Navigating to Vacancy section
00:03:38.583 [main] INFO  - Logging in and Navigating to Recruitment
00:03:42.784 [main] INFO  - Navigating to Vacancy section
00:04:14.891 [main] INFO  - Logging in and Navigating to Recruitment
00:04:22.199 [main] INFO  - Navigating to Vacancy section
00:26:13.842 [main] INFO  - Logging in and Navigating to Recruitment
00:26:21.094 [main] INFO  - Navigating to Vacancy section
00:27:58.279 [main] INFO  - Logging in and Navigating to Recruitment
00:28:05.653 [main] INFO  - Navigating to Vacancy section
00:30:25.538 [main] INFO  - Logging in and Navigating to Recruitment
00:30:32.769 [main] INFO  - Navigating to Vacancy section
00:34:35.866 [main] INFO  - Logging in and Navigating to Recruitment
00:34:43.351 [main] INFO  - Navigating to Vacancy section
00:34:46.991 [main] INFO  - clicking on Add button
00:34:50.477 [main] INFO  - Starting to fill the form...
00:42:45.856 [main] INFO  - Logging in and Navigating to Recruitment
00:42:53.173 [main] INFO  - Navigating to Vacancy section
00:42:56.821 [main] INFO  - clicking on Add button
00:43:00.331 [main] INFO  - Starting to fill the form...
22:56:33.029 [main] INFO  - Logging in and Navigating to Recruitment
22:56:43.296 [main] INFO  - Navigating to Vacancy section
22:56:47.179 [main] INFO  - clicking on Add button
22:56:51.001 [main] INFO  - Starting to fill the form...
23:01:08.570 [main] INFO  - Logging in and Navigating to Recruitment
23:01:17.276 [main] INFO  - Navigating to Vacancy section
23:01:21.148 [main] INFO  - clicking on Add button
23:01:24.825 [main] INFO  - Starting to fill the form...
23:03:48.657 [main] INFO  - Logging in and Navigating to Recruitment
23:03:58.695 [main] INFO  - Navigating to Vacancy section
23:04:02.689 [main] INFO  - clicking on Add button
23:04:06.430 [main] INFO  - Starting to fill the form...
23:23:05.204 [main] INFO  - Logging in and Navigating to Recruitment
23:23:14.014 [main] INFO  - Navigating to Vacancy section
23:23:18.059 [main] INFO  - clicking on Add button
23:23:21.792 [main] INFO  - Starting to fill the form...
10:53:17.158 [main] INFO  - Logging in and Navigating to Recruitment
10:53:24.887 [main] INFO  - Navigating to Vacancy section
10:53:28.649 [main] INFO  - clicking on Add button
10:53:32.819 [main] INFO  - Starting to fill the form...
12:03:06.724 [main] INFO  - Logging in and Navigating to Recruitment
12:03:14.649 [main] INFO  - Navigating to Vacancy section
12:03:18.476 [main] INFO  - clicking on Add button
12:03:22.967 [main] INFO  - Starting to fill the form...
12:26:13.055 [main] INFO  - Logging in and Navigating to Recruitment
12:26:23.739 [main] INFO  - Navigating to Vacancy section
12:26:27.845 [main] INFO  - clicking on Add button
12:26:31.848 [main] INFO  - Starting to fill the form...
12:28:58.034 [main] INFO  - Logging in and Navigating to Recruitment
12:29:08.657 [main] INFO  - Navigating to Vacancy section
12:29:13.419 [main] INFO  - clicking on Add button
12:29:17.011 [main] INFO  - Starting to fill the form...
12:35:19.217 [main] INFO  - Logging in and Navigating to Recruitment
12:35:31.658 [main] INFO  - Navigating to Vacancy section
12:35:36.281 [main] INFO  - clicking on Add button
12:35:40.191 [main] INFO  - Starting to fill the form...
12:38:23.860 [main] INFO  - Logging in and Navigating to Recruitment
12:38:34.651 [main] INFO  - Navigating to Vacancy section
12:38:38.769 [main] INFO  - clicking on Add button
12:38:43.331 [main] INFO  - Starting to fill the form...
12:58:15.762 [main] INFO  - Logging in and Navigating to Recruitment
12:58:26.216 [main] INFO  - Navigating to Vacancy section
12:58:30.430 [main] INFO  - clicking on Add button
12:58:33.948 [main] INFO  - Starting to fill the form...
13:01:15.477 [main] INFO  - Logging in and Navigating to Recruitment
13:01:25.996 [main] INFO  - Navigating to Vacancy section
13:01:29.667 [main] INFO  - clicking on Add button
13:01:33.187 [main] INFO  - Starting to fill the form...
13:03:24.907 [main] INFO  - Logging in and Navigating to Recruitment
13:03:35.415 [main] INFO  - Navigating to Vacancy section
13:03:39.070 [main] INFO  - clicking on Add button
13:03:42.616 [main] INFO  - Starting to fill the form...
13:16:34.713 [main] INFO  - Logging in and Navigating to Recruitment
13:16:45.118 [main] INFO  - Navigating to Vacancy section
13:16:49.428 [main] INFO  - clicking on Add button
13:16:53.029 [main] INFO  - Starting to fill the form...
17:53:44.830 [main] INFO  - Logging in and Navigating to Recruitment
17:53:57.245 [main] INFO  - Navigating to Vacancy section
17:55:07.835 [main] INFO  - Logging in and Navigating to Recruitment
17:55:18.759 [main] INFO  - Navigating to Vacancy section
17:55:22.443 [main] INFO  - clicking on Add button
17:55:26.246 [main] INFO  - Starting to fill the form...
21:56:15.864 [main] INFO  - Logging in and Navigating to Recruitment
21:56:27.467 [main] INFO  - Navigating to Vacancy section
21:56:31.628 [main] INFO  - clicking on Add button
21:56:35.157 [main] INFO  - Starting to fill the form...
22:59:16.423 [main] INFO  - Logging in and Navigating to Recruitment
22:59:28.618 [main] INFO  - Navigating to Vacancy section
22:59:32.427 [main] INFO  - clicking on Add button
22:59:36.077 [main] INFO  - Starting to fill the form...
00:15:21.021 [main] INFO  - Logging in and Navigating to Recruitment
00:15:32.022 [main] INFO  - Navigating to Vacancy section
00:15:36.290 [main] INFO  - clicking on Add button
00:15:40.067 [main] INFO  - Starting to fill the form...
00:15:44.497 [main] INFO  - Saving the form
00:15:44.904 [main] INFO  - Navigating back to vacancy list...
00:18:53.040 [main] INFO  - Logging in and Navigating to Recruitment
00:19:03.758 [main] INFO  - Navigating to Vacancy section
00:19:07.576 [main] INFO  - clicking on Add button
00:19:11.223 [main] INFO  - Starting to fill the form...
00:19:15.657 [main] INFO  - Saving the form
00:19:19.060 [main] INFO  - Navigating back to vacancy list...
17:34:17.878 [main] INFO  - Logging in and Navigating to Recruitment
17:34:28.323 [main] INFO  - Navigating to Vacancy section
17:34:32.580 [main] INFO  - clicking on Add button
17:34:36.150 [main] INFO  - Starting to fill the form...
17:34:39.918 [main] INFO  - Saving the form
17:34:43.177 [main] INFO  - Navigating back to vacancy list...
17:38:16.074 [main] INFO  - Logging in and Navigating to Recruitment
17:38:26.540 [main] INFO  - Navigating to Vacancy section
17:38:30.249 [main] INFO  - clicking on Add button
17:38:33.753 [main] INFO  - Starting to fill the form...
17:38:37.549 [main] INFO  - Saving the form
17:38:40.795 [main] INFO  - Navigating back to vacancy list...
17:38:41.509 [main] INFO  - Checking for the added vacancy...
22:29:36.898 [main] INFO  - Logging in and Navigating to Recruitment
22:29:48.468 [main] INFO  - Navigating to Vacancy section
22:29:52.113 [main] INFO  - clicking on Add button
22:29:55.672 [main] INFO  - Starting to fill the form...
22:30:09.214 [main] INFO  - Failed to fill the form
00:26:09.899 [main] INFO  - Logging in and Navigating to Recruitment
00:26:20.431 [main] INFO  - Navigating to Vacancy section
00:26:24.157 [main] INFO  - clicking on Add button
00:26:27.690 [main] INFO  - Starting to fill the form...
00:26:37.998 [main] INFO  - Failed to fill the form
23:23:11.708 [main] INFO  - Logging in and Navigating to Recruitment
23:23:24.622 [main] INFO  - Navigating to Vacancy section
23:23:28.472 [main] INFO  - clicking on Add button
23:23:32.710 [main] INFO  - Starting to fill the form...
23:23:37.168 [main] INFO  - Saving the form
23:23:40.609 [main] INFO  - Navigating back to vacancy list...
23:23:41.475 [main] INFO  - Checking for the added vacancy...
23:23:42.526 [main] INFO  - Performing Delete...
23:34:20.168 [main] INFO  - Logging in and Navigating to Recruitment
23:34:32.382 [main] INFO  - Navigating to Vacancy section
23:34:36.196 [main] INFO  - clicking on Add button
23:34:39.901 [main] INFO  - Starting to fill the form...
23:34:53.757 [main] INFO  - Failed to fill the form
23:36:23.390 [main] INFO  - Logging in and Navigating to Recruitment
23:36:34.340 [main] INFO  - Navigating to Vacancy section
23:36:38.789 [main] INFO  - clicking on Add button
23:36:42.453 [main] INFO  - Starting to fill the form...
23:36:46.923 [main] INFO  - Saving the form
23:36:50.356 [main] INFO  - Navigating back to vacancy list...
23:36:51.259 [main] INFO  - Checking for the added vacancy...
23:36:52.686 [main] INFO  - Performing Delete...
23:48:28.786 [main] INFO  - Logging in and Navigating to Recruitment
23:48:42.149 [main] INFO  - Navigating to Vacancy section
23:48:46.530 [main] INFO  - clicking on Add button
23:48:50.553 [main] INFO  - Starting to fill the form...
23:48:56.292 [main] INFO  - Saving the form
23:48:59.916 [main] INFO  - Navigating back to vacancy list...
23:49:00.925 [main] INFO  - Checking for the added vacancy...
23:49:02.291 [main] INFO  - Performing Delete...
23:52:53.890 [main] INFO  - Logging in and Navigating to Recruitment
23:53:05.938 [main] INFO  - Navigating to Vacancy section
23:53:10.057 [main] INFO  - clicking on Add button
23:53:13.797 [main] INFO  - Starting to fill the form...
23:53:18.841 [main] INFO  - Saving the form
23:53:22.512 [main] INFO  - Navigating back to vacancy list...
23:53:23.731 [main] INFO  - Checking for the added vacancy...
23:53:24.599 [main] INFO  - Performing Delete...
01:16:10.888 [main] INFO  - Logging in and Navigating to Recruitment
01:16:22.344 [main] INFO  - Navigating to Vacancy section
01:16:26.387 [main] INFO  - clicking on Add button
01:16:29.866 [main] INFO  - Starting to fill the form...
01:16:43.423 [main] INFO  - Failed to fill the form
01:16:47.512 [main] INFO  - Logging in and Navigating to Recruitment
01:16:59.269 [main] INFO  - Navigating to Vacancy section
01:17:02.856 [main] INFO  - Capturing Vacancy name...
01:17:06.089 [main] INFO  - Navigating to filling the form...
01:22:05.316 [main] INFO  - Logging in and Navigating to Recruitment
01:22:15.749 [main] INFO  - Navigating to Vacancy section
01:22:19.365 [main] INFO  - clicking on Add button
01:22:22.891 [main] INFO  - Starting to fill the form...
01:22:26.682 [main] INFO  - Saving the form
01:22:29.918 [main] INFO  - Navigating back to vacancy list...
01:22:30.463 [main] INFO  - Checking for the added vacancy...
01:22:31.274 [main] INFO  - Performing Delete...
01:22:36.210 [main] INFO  - Logging in and Navigating to Recruitment
01:22:46.427 [main] INFO  - Navigating to Vacancy section
01:22:50.014 [main] INFO  - Capturing Vacancy name...
01:22:53.238 [main] INFO  - Navigating to filling the form...
01:27:15.733 [main] INFO  - Logging in and Navigating to Recruitment
01:27:26.012 [main] INFO  - Navigating to Vacancy section
01:27:29.600 [main] INFO  - clicking on Add button
01:27:33.063 [main] INFO  - Starting to fill the form...
01:27:36.850 [main] INFO  - Saving the form
01:27:40.082 [main] INFO  - Navigating back to vacancy list...
01:27:40.644 [main] INFO  - Checking for the added vacancy...
01:27:41.380 [main] INFO  - Performing Delete...
01:27:46.360 [main] INFO  - Logging in and Navigating to Recruitment
01:27:56.568 [main] INFO  - Navigating to Vacancy section
01:28:00.143 [main] INFO  - Capturing Vacancy name...
01:28:03.341 [main] INFO  - Navigating to filling the form...
01:28:06.797 [main] INFO  - Starting to fill the form...
01:28:10.148 [main] INFO  - Test success
14:13:03.816 [main] INFO  - Logging in and Navigating to Recruitment
14:13:16.081 [main] INFO  - Navigating to Vacancy section
14:13:19.855 [main] INFO  - clicking on Add button
14:13:23.513 [main] INFO  - Starting to fill the form...
14:13:33.908 [main] INFO  - Failed to fill the form
14:13:41.007 [main] INFO  - Logging in and Navigating to Recruitment
14:13:51.727 [main] INFO  - Navigating to Vacancy section
14:13:55.516 [main] INFO  - Capturing Vacancy name...
14:13:58.804 [main] INFO  - Navigating to filling the form...
14:14:02.468 [main] INFO  - Starting to fill the form...
14:14:05.894 [main] INFO  - Test success
20:34:11.053 [main] INFO  - Logging in and Navigating to Recruitment
20:34:23.635 [main] INFO  - Navigating to Vacancy section
20:34:27.484 [main] INFO  - clicking on Add button
20:34:31.271 [main] INFO  - Starting to fill the form...
20:34:46.114 [main] INFO  - Failed to fill the form
20:34:51.451 [main] INFO  - Logging in and Navigating to Recruitment
20:35:03.695 [main] INFO  - Navigating to Vacancy section
20:35:07.567 [main] INFO  - Capturing Vacancy name...
20:35:10.924 [main] INFO  - Navigating to filling the form...
20:35:14.615 [main] INFO  - Starting to fill the form...
20:35:18.332 [main] INFO  - Test success
20:43:06.503 [main] INFO  - Logging in and Navigating to Recruitment
20:43:19.141 [main] INFO  - Navigating to Vacancy section
20:43:23.053 [main] INFO  - clicking on Add button
20:43:26.828 [main] INFO  - Starting to fill the form...
20:43:32.163 [main] INFO  - Saving the form
20:43:35.633 [main] INFO  - Navigating back to vacancy list...
20:43:36.572 [main] INFO  - Checking for the added vacancy...
20:43:40.484 [main] INFO  - Performing Delete...
20:43:47.509 [main] INFO  - Logging in and Navigating to Recruitment
20:43:59.972 [main] INFO  - Navigating to Vacancy section
20:44:03.836 [main] INFO  - Capturing Vacancy name...
20:44:07.209 [main] INFO  - Navigating to filling the form...
20:44:10.813 [main] INFO  - Starting to fill the form...
20:44:14.514 [main] INFO  - Test success
